<?xml version="1.0" encoding="utf-8"?><testsuites name="pytest tests"><testsuite name="pytest" errors="0" failures="0" skipped="0" tests="6" time="3.676" timestamp="2026-06-30T21:42:01.826050+00:00" hostname="agent-env-deaa3b00-8dcc-4449-beae-b2d21671689a"><testcase classname="tests.test_bookings" name="test_root" time="0.398" /><testcase classname="tests.test_bookings" name="test_create_booking_returns_expected_shape" time="0.180" /><testcase classname="tests.test_bookings" name="test_booking_persisted_in_get" time="0.220" /><testcase classname="tests.test_bookings" name="test_create_booking_invalid_email" time="0.165" /><testcase classname="tests.test_bookings" name="test_create_booking_missing_fields" time="0.150" /><testcase classname="tests.test_bookings" name="test_create_booking_optional_message" time="0.173" /></testsuite></testsuites>